-------------------------------------------------------------------------------
Test set: com.telusko.CalculatorTest
-------------------------------------------------------------------------------
Tests run: 2, Failures: 1, Errors: 0, Skipped: 0, Time elapsed: 0.032 s <<< FAILURE! -- in com.telusko.CalculatorTest
com.telusko.CalculatorTest.testArray -- Time elapsed: 0.005 s <<< FAILURE!
org.opentest4j.AssertionFailedError: Error reported ==> array lengths differ, expected: <4> but was: <2>
	at org.junit.jupiter.api.AssertionFailureBuilder.build(AssertionFailureBuilder.java:151)
	at org.junit.jupiter.api.AssertionFailureBuilder.buildAndThrow(AssertionFailureBuilder.java:132)
	at org.junit.jupiter.api.AssertArrayEquals.assertArraysHaveSameLength(AssertArrayEquals.java:428)
	at org.junit.jupiter.api.AssertArrayEquals.assertArrayEquals(AssertArrayEquals.java:237)
	at org.junit.jupiter.api.AssertArrayEquals.assertArrayEquals(AssertArrayEquals.java:87)
	at org.junit.jupiter.api.Assertions.assertArrayEquals(Assertions.java:1290)
	at com.telusko.CalculatorTest.testArray(CalculatorTest.java:51)
	at java.base/java.lang.reflect.Method.invoke(Method.java:580)
	at java.base/java.util.ArrayList.forEach(ArrayList.java:1597)
	at java.base/java.util.ArrayList.forEach(ArrayList.java:1597)

