<?xml version="1.0" encoding="UTF-8"?>
<testsuite xmlns:xsi="http://www.w3.org/2001/XMLSchema-instance" xsi:noNamespaceSchemaLocation="https://maven.apache.org/surefire/maven-surefire-plugin/xsd/surefire-test-report-3.0.xsd" version="3.0" name="com.telusko.CalculatorTest" time="0.028" tests="2" errors="0" skipped="0" failures="0">
  <properties>
[...]
</properties>
  <testcase name="testAddition" classname="com.telusko.CalculatorTest" time="0.014"/>
  <testcase name="testDivison" classname="com.telusko.CalculatorTest" time="0.001"/>
</testsuite>